1718554397260	geckodriver	INFO	Listening on 127.0.0.1:52063
1718554400366	mozrunner::runner	INFO	Running command: "C:\\Program Files\\Mozilla Firefox\\firefox.exe" "--marionette" "--remote-debugging-port" "52064" "--remote-allow-hosts" "localhost" "-no-remote" "-profile" "C:\\Users\\Admin\\AppData\\Local\\Temp\\rust_mozprofile0Ezx0z"
console.warn: services.settings: Ignoring preference override of remote settings server
console.warn: services.settings: Allow by setting MOZ_REMOTE_SETTINGS_DEVTOOLS=1 in the environment
Dynamically enable window occlusion 0
1718554401040	Marionette	INFO	Marionette enabled
1718554401277	Marionette	INFO	Listening on port 52073
WebDriver BiDi listening on ws://127.0.0.1:52064
Read port: 52073
1718554401697	RemoteAgent	WARN	TLS certificate errors will be ignored for this session
DevTools listening on ws://127.0.0.1:52064/devtools/browser/5fb1bce5-d16d-4997-8af3-e5c739b7f5ed
1718554433015	addons.xpi	ERROR	System addon update list error SyntaxError: XMLHttpRequest.open: 'http://%(server)s/dummy-system-addons.xml' is not a valid URL.
JavaScript error: , line 0: NS_ERROR_NOT_AVAILABLE
JavaScript warning: https://www.googletagmanager.com/gtag/js?id=G-2NJTDMQ3JH, line 181: Script terminated by timeout at:
l@https://www.googletagmanager.com/gtag/js?id=G-2NJTDMQ3JH:181:913
wm@https://www.googletagmanager.com/gtag/js?id=G-2NJTDMQ3JH:347:356
mn@https://www.googletagmanager.com/gtag/js?id=G-2NJTDMQ3JH:355:742
lH/<@https://www.googletagmanager.com/gtag/js?id=G-2NJTDMQ3JH:671:178
ca.Nk/<@https://www.googletagmanager.com/gtag/js?id=G-2NJTDMQ3JH:618:126
ca.Nk/c/<@https://www.googletagmanager.com/gtag/js?id=G-2NJTDMQ3JH:617:420
c@https://admin-demo.nopcommerce.com/cdn-cgi/scripts/7d0fa10a/cloudflare-static/rocket-loader.min.js:1:9405

1718562210254	Marionette	INFO	Stopped listening on port 52073
Dynamically enable window occlusion 1
